<?xml version="1.0" encoding="UTF-8" ?>
<testsuite name="cxxtest" date="Thu Feb  4 17:36:19 2021" tests="160" errors="0" failures="3" time="0" >
    <testcase classname="MemoryTests" name="testMemorySize" line="7" />
    <testcase classname="MemoryTests" name="testMax" line="16" />
    <testcase classname="MemoryTests" name="testWriteReadByte" line="23" />
    <testcase classname="MemoryTests" name="testWriteReadHWord" line="31" />
    <testcase classname="MemoryTests" name="testWriteReadWord" line="40" />
    <testcase classname="MemoryTests" name="testWriteReadDWord" line="49" />
    <testcase classname="MemoryTests" name="testWriteReadQWord" line="58" />
    <testcase classname="MemoryTests" name="testWrongSizeWriteHWord" line="67" />
    <testcase classname="MemoryTests" name="testWrongSizeWriteWord" line="76" />
    <testcase classname="MemoryTests" name="testWrongSizeWriteDWord" line="84" />
    <testcase classname="MemoryTests" name="testWrongSizeWriteQWord" line="92" />
    <testcase classname="MemoryTests" name="testWriteOutOfMemoryHWord" line="100" />
    <testcase classname="MemoryTests" name="testWriteOutOfMemoryWord" line="108" />
    <testcase classname="MemoryTests" name="testWriteOutOfMemoryDWord" line="116" />
    <testcase classname="MemoryTests" name="testWriteOutOfMemoryQWord" line="124" />
    <testcase classname="RegisterFileTests" name="testRV32ERegisterCount" line="7" />
    <testcase classname="RegisterFileTests" name="testNonRV32ERegisterCount" line="19" />
    <testcase classname="RegisterFileTests" name="testSize" line="32" />
    <testcase classname="RegisterFileTests" name="testRegisterFunction" line="39" />
    <testcase classname="RegisterFileTests" name="testRegisterZero" line="47" />
    <testcase classname="RegisterFileTests" name="testWriteWrongSize" line="55" />
    <testcase classname="RegisterFileTests" name="testWriteToHighReg" line="62" />
    <testcase classname="BTypeInstructionTests" name="testCreateFromNothing" line="7" />
    <testcase classname="BTypeInstructionTests" name="testCreateFromArgs" line="11" />
    <testcase classname="BTypeInstructionTests" name="testDecode" line="23" />
    <testcase classname="BTypeInstructionTests" name="testCreateWithLargeOpcode" line="39" />
    <testcase classname="BTypeInstructionTests" name="testCreateWithLargeImm1" line="43" />
    <testcase classname="BTypeInstructionTests" name="testCreateWithLargeImm4" line="47" />
    <testcase classname="BTypeInstructionTests" name="testCreateWithLargeFunc3" line="51" />
    <testcase classname="BTypeInstructionTests" name="testCreateWithLargeRS1" line="55" />
    <testcase classname="BTypeInstructionTests" name="testCreateWithLargeRS2" line="59" />
    <testcase classname="BTypeInstructionTests" name="testCreateWithLargeImm6" line="63" />
    <testcase classname="BTypeInstructionTests" name="testCreateWithLargeImm31" line="67" />
    <testcase classname="BTypeInstructionTests" name="testDecodeWithWrongSizeInstruction" line="71" />
    <testcase classname="BTypeInstructionTests" name="testGetImmWrongPosition" line="76" />
    <testcase classname="ITypeInstructionTests" name="testCreateFromNothing" line="9" />
    <testcase classname="ITypeInstructionTests" name="testCreateFromArgs" line="13" />
    <testcase classname="ITypeInstructionTests" name="testDecode" line="23" />
    <testcase classname="ITypeInstructionTests" name="testCreateWithLargeOpcode" line="37" />
    <testcase classname="ITypeInstructionTests" name="testCreateWithLargeRD" line="41" />
    <testcase classname="ITypeInstructionTests" name="testCreateWithLargeFunc3" line="45" />
    <testcase classname="ITypeInstructionTests" name="testCreateWithLargeRS1" line="49" />
    <testcase classname="ITypeInstructionTests" name="testCreateWithLargeImm" line="53" />
    <testcase classname="ITypeInstructionTests" name="testCreateWithWrongSizeImm" line="57" />
    <testcase classname="ITypeInstructionTests" name="testDecodeWithWrongSizeInstruction" line="61" />
    <testcase classname="ITypeInstructionTests" name="testGetImm" line="66" />
    <testcase classname="ITypeInstructionTests" name="testGetImmWrongPosition" line="72" />
    <testcase classname="JTypeInstructionTests" name="testCreateFromNothing" line="8" />
    <testcase classname="JTypeInstructionTests" name="testCreateFromArgs" line="12" />
    <testcase classname="JTypeInstructionTests" name="testDecode" line="23" />
    <testcase classname="JTypeInstructionTests" name="testCreateWithLargeOpcode" line="37" />
    <testcase classname="JTypeInstructionTests" name="testCreateWithLargeRD" line="41" />
    <testcase classname="JTypeInstructionTests" name="testCreateWithLargeImm1" line="45" />
    <testcase classname="JTypeInstructionTests" name="testCreateWithLargeImm10" line="49" />
    <testcase classname="JTypeInstructionTests" name="testCreateWithLargeImm31" line="53" />
    <testcase classname="JTypeInstructionTests" name="testDecodeWithWrongSizeInstruction" line="57" />
    <testcase classname="JTypeInstructionTests" name="testGetImmWrongPosition" line="62" />
    <testcase classname="RTypeInstructionTests" name="testCreateFromNothing" line="9" />
    <testcase classname="RTypeInstructionTests" name="testCreateFromArgs" line="13" />
    <testcase classname="RTypeInstructionTests" name="testDecode" line="23" />
    <testcase classname="RTypeInstructionTests" name="testCreateWithLargeOpcode" line="37" />
    <testcase classname="RTypeInstructionTests" name="testCreateWithLargeRD" line="41" />
    <testcase classname="RTypeInstructionTests" name="testCreateWithLargeFunc3" line="45" />
    <testcase classname="RTypeInstructionTests" name="testCreateWithLargeRS1" line="49" />
    <testcase classname="RTypeInstructionTests" name="testCreateWithLargeRS2" line="53" />
    <testcase classname="RTypeInstructionTests" name="testCreateWithLargeFunc7" line="57" />
    <testcase classname="RTypeInstructionTests" name="testDecodeWithBadInstruction" line="61" />
    <testcase classname="RTypeInstructionTests" name="testGetImm" line="66" />
    <testcase classname="STypeInstructionTests" name="testCreateFromNothing" line="8" />
    <testcase classname="STypeInstructionTests" name="testCreateFromArgs" line="12" />
    <testcase classname="STypeInstructionTests" name="testDecode" line="22" />
    <testcase classname="STypeInstructionTests" name="testCreateWithLargeOpcode" line="36" />
    <testcase classname="STypeInstructionTests" name="testCreateWithLargeImm5" line="40" />
    <testcase classname="STypeInstructionTests" name="testCreateWithLargeFunc3" line="44" />
    <testcase classname="STypeInstructionTests" name="testCreateWithLargeRS1" line="48" />
    <testcase classname="STypeInstructionTests" name="testCreateWithLargeRS2" line="52" />
    <testcase classname="STypeInstructionTests" name="testCreateWithLargeImm7" line="56" />
    <testcase classname="STypeInstructionTests" name="testDecodeWithWrongSizeInstruction" line="60" />
    <testcase classname="STypeInstructionTests" name="testGetImmAtWrongPosition" line="65" />
    <testcase classname="UTypeInstructionTests" name="testCreateFromNothing" line="8" />
    <testcase classname="UTypeInstructionTests" name="testCreateFromArgs" line="12" />
    <testcase classname="UTypeInstructionTests" name="testDecode" line="20" />
    <testcase classname="UTypeInstructionTests" name="testCreateWithLargeOpcode" line="32" />
    <testcase classname="UTypeInstructionTests" name="testCreateWithLargeRD" line="36" />
    <testcase classname="UTypeInstructionTests" name="testCreateWithLargeImm" line="40" />
    <testcase classname="UTypeInstructionTests" name="testDecodeWithWrongSizeInstruction" line="44" />
    <testcase classname="UTypeInstructionTests" name="testGetImmAtWrongPosition" line="49" />
    <testcase classname="PipelineHazardControllerTests" name="testCreate" line="9" />
    <testcase classname="PipelineHazardControllerTests" name="testEnqueue" line="14" />
    <testcase classname="PipelineHazardControllerTests" name="testCheckStaleWithSize1" line="21" />
    <testcase classname="PipelineHazardControllerTests" name="testCheckStaleWithDep" line="29" />
    <testcase classname="PipelineHazardControllerTests" name="testCheckStaleWithNoDep" line="39" />
    <testcase classname="PipelineHazardControllerTests" name="testCheckStaleWithDepOnX0" line="49" />
    <testcase classname="PipelineHazardControllerTests" name="testFetchRegisterValueWithSize1" line="59" />
    <testcase classname="PipelineHazardControllerTests" name="testFetchRegisterValueWithSize2Dep" line="69" />
    <testcase classname="PipelineHazardControllerTests" name="testFetchRegisterValueWithSize2NoDep" line="81" />
    <testcase classname="PipelineHazardControllerTests" name="testFetchRegisterValueWithSize3Dep" line="93" />
    <testcase classname="PipelineHazardControllerTests" name="testFetchRegisterValueWithSize3NoDep" line="107" />
    <testcase classname="PipelineHazardControllerTests" name="testFetchRegisterValueWithSize4Dep" line="122" />
    <testcase classname="PipelineHazardControllerTests" name="testFetchRegisterValueWithSize4NoDep" line="138" />
    <testcase classname="PipelineHazardControllerTests" name="testStoreResult" line="155" />
    <testcase classname="SimpleBranchPredictorTests" name="testCreate" line="13" />
    <testcase classname="SimpleBranchPredictorTests" name="testGetPC" line="19" />
    <testcase classname="SimpleBranchPredictorTests" name="testGetPCWithPosBranch" line="28" />
    <testcase classname="SimpleBranchPredictorTests" name="testGetPCWithNegBranch" line="44" />
    <testcase classname="SimpleBranchPredictorTests" name="testGetPCWithPosJALR" line="58" />
    <testcase classname="SimpleBranchPredictorTests" name="testGetPCWithNegJALR" line="73" />
    <testcase classname="SimpleBranchPredictorTests" name="testGetPCWithPosJAL" line="89" />
    <testcase classname="SimpleBranchPredictorTests" name="testGetPCWithNegJAL" line="103" />
    <testcase classname="SimpleBranchPredictorTests" name="testCreateWithOutOfMemoryInstruction" line="117" />
    <testcase classname="SimpleBranchPredictorTests" name="testCreateWithWrongSizeInstruction" line="123" />
    <testcase classname="SimpleBranchPredictorTests" name="testCreateWithMisalignedInstruction" line="129" />
    <testcase classname="SimpleBranchPredictorTests" name="testCheckPrediction" line="135" />
    <testcase classname="SimpleBranchPredictorTests" name="testCheckPredictionContinuous" line="143" />
    <testcase classname="SimpleBranchPredictorTests" name="testCheckPredictionWithPosJAL" line="155" />
    <testcase classname="SimpleBranchPredictorTests" name="testCheckPredictionWithNegJAL" line="172" />
    <testcase classname="SimpleBranchPredictorTests" name="testCheckPredictionWithPosJALR" line="189" />
    <testcase classname="SimpleBranchPredictorTests" name="testCheckPredictionWithNegJALR" line="207" />
    <testcase classname="SimpleBranchPredictorTests" name="testCheckPredictionWithFailedPrediction" line="224" />
    <testcase classname="SimpleBranchPredictorTests" name="testGetWithJALRToOutOfMemory" line="241" />
    <testcase classname="RV32ITests" name="testLUI" line="15" />
    <testcase classname="RV32ITests" name="testPosAUIPC" line="31" />
    <testcase classname="RV32ITests" name="testNegAUIPC" line="49" />
    <testcase classname="RV32ITests" name="testPosJAL" line="66" />
    <testcase classname="RV32ITests" name="testNegJAL" line="86" />
    <testcase classname="RV32ITests" name="testPosJALR" line="108" />
    <testcase classname="RV32ITests" name="testNegJALR" line="131" />
    <testcase classname="RV32ITests" name="testPosBEQCorrect" line="154" />
    <testcase classname="RV32ITests" name="testNegBEQCorrect" line="175" />
    <testcase classname="RV32ITests" name="testPosBEQIncorrect" line="196" />
    <testcase classname="RV32ITests" name="testNegBEQIncorrect" line="218" />
    <testcase classname="RV32ITests" name="testPosBNECorrect" line="240" />
    <testcase classname="RV32ITests" name="testNegBNECorrect" line="262" />
    <testcase classname="RV32ITests" name="testPosBLTCorrect" line="284" />
    <testcase classname="RV32ITests" name="testNegBLTCorrect" line="306" />
    <testcase classname="RV32ITests" name="testPosBGECorrect" line="328" />
    <testcase classname="RV32ITests" name="testNegBGECorrect" line="350" />
    <testcase classname="RV32ITests" name="testPosBLTUCorrect" line="372" />
    <testcase classname="RV32ITests" name="testNegBLTUCorrect" line="394" />
    <testcase classname="RV32ITests" name="testPosBGEUCorrect" line="416" />
    <testcase classname="RV32ITests" name="testNegBGEUIncorrect" line="438" />
    <testcase classname="RV32ITests" name="testLB" line="460" />
    <testcase classname="RV32ITests" name="testLH" line="486" />
    <testcase classname="RV32ITests" name="testLW" line="513" />
    <testcase classname="RV32ITests" name="testLBU" line="540" />
    <testcase classname="RV32ITests" name="testLHU" line="567" />
    <testcase classname="RV32ITests" name="testSB" line="594" />
    <testcase classname="RV32ITests" name="testSH" line="620" />
    <testcase classname="RV32ITests" name="testSW" line="647" />
    <testcase classname="RV32ITests" name="testADDIPosNeg" line="673" />
    <testcase classname="RV32ITests" name="testADDINegNeg" line="697" />
    <testcase classname="RV32ITests" name="testSLTIPosNeg" line="721" />
    <testcase classname="RV32ITests" name="testSLTINegNeg" line="745" />
    <testcase classname="RV32ITests" name="testSLTIU" line="769" />
    <testcase classname="RV32ITests" name="testXORI" line="793" />
    <testcase classname="RV32ITests" name="testORI" line="817" />
    <testcase classname="RV32ITests" name="testANDI" line="841" />
    <testcase classname="RV32ITests" name="testSLLI" line="865" />
        <failure></failure>
    <testcase classname="RV32ITests" name="testSRLI" line="889" />
        <failure></failure>
    <testcase classname="RV32ITests" name="testSRAI" line="913" />
        <failure></failure>
</testsuite>
